  源.cpp
C:\Users\ckk\Desktop\编程\os\web\源.cpp(22,24): error C2079: “request”使用未定义的 class“std::basic_istringstream<char,std::char_traits<char>,std::allocator<char>>”
C:\Users\ckk\Desktop\编程\os\web\源.cpp(22,38): error C2440: “初始化”: 无法从“char [1024]”转换为“int”
C:\Users\ckk\Desktop\编程\os\web\源.cpp(22,31): message : 没有使该转换得以执行的上下文
C:\Users\ckk\Desktop\编程\os\web\源.cpp(23,23): error C2677: 二进制“>>”: 没有找到接受“std::string”类型的全局运算符(或没有可接受的转换)
C:\Program Files\Microsoft Visual Studio\2022\Community\VC\Tools\MSVC\14.33.31629\include\xstring(5205,32): message : 可能是“std::basic_istream<_Elem,_Traits> &std::operator >>(std::basic_istream<_Elem,_Traits> &,std::basic_string<_Elem,_Traits,_Alloc> &)”
C:\Users\ckk\Desktop\编程\os\web\源.cpp(23,23): error C2784: "std::basic_istream<_Elem,_Traits> &std::operator >>(std::basic_istream<_Elem,_Traits> &,std::basic_string<_Elem,_Traits,_Alloc> &)": 无法从 "int" 推导出 "std::basic_istream<_Elem,_Traits> &" 的 模板 参数
C:\Program Files\Microsoft Visual Studio\2022\Community\VC\Tools\MSVC\14.33.31629\include\xstring(5205): message : 参见“std::operator >>”的声明
C:\Users\ckk\Desktop\编程\os\web\源.cpp(23,23): error C2784: "std::basic_istream<_Elem,_Traits> &std::operator >>(std::basic_istream<_Elem,_Traits> &,_Elem *)": 无法从 "int" 推导出 "std::basic_istream<_Elem,_Traits> &" 的 模板 参数
C:\Users\ckk\Desktop\编程\os\web\源.cpp(23,23): error C2784: "std::basic_istream<char,_Traits> &std::operator >>(std::basic_istream<char,_Traits> &,signed char *)": 无法从 "int" 推导出 "std::basic_istream<char,_Traits> &" 的 模板 参数
C:\Users\ckk\Desktop\编程\os\web\源.cpp(23,23): error C2784: "std::basic_istream<char,_Traits> &std::operator >>(std::basic_istream<char,_Traits> &,unsigned char *)": 无法从 "int" 推导出 "std::basic_istream<char,_Traits> &" 的 模板 参数
C:\Users\ckk\Desktop\编程\os\web\源.cpp(23,23): error C2784: "std::basic_istream<_Elem,_Traits> &std::operator >>(std::basic_istream<_Elem,_Traits> &,_Elem &)": 无法从 "int" 推导出 "std::basic_istream<_Elem,_Traits> &" 的 模板 参数
C:\Users\ckk\Desktop\编程\os\web\源.cpp(23,23): error C2784: "std::basic_istream<char,_Traits> &std::operator >>(std::basic_istream<char,_Traits> &,signed char &)": 无法从 "int" 推导出 "std::basic_istream<char,_Traits> &" 的 模板 参数
C:\Users\ckk\Desktop\编程\os\web\源.cpp(23,23): error C2784: "std::basic_istream<char,_Traits> &std::operator >>(std::basic_istream<char,_Traits> &,unsigned char &)": 无法从 "int" 推导出 "std::basic_istream<char,_Traits> &" 的 模板 参数
C:\Users\ckk\Desktop\编程\os\web\源.cpp(23): error C2783: "_Istr &&std::operator >>(_Istr &&,_Ty &&)": 无法推导 "__formal" 的 模板 参数
C:\Users\ckk\Desktop\编程\os\web\源.cpp(33,75): warning C4267: “参数”: 从“size_t”转换到“int”，可能丢失数据
C:\Users\ckk\Desktop\编程\os\web\源.cpp(47,87): warning C4267: “参数”: 从“size_t”转换到“int”，可能丢失数据
C:\Users\ckk\Desktop\编程\os\web\源.cpp(51,60): warning C4244: “参数”: 从“std::streamsize”转换到“int”，可能丢失数据
C:\Users\ckk\Desktop\编程\os\web\源.cpp(62,87): warning C4267: “参数”: 从“size_t”转换到“int”，可能丢失数据
C:\Users\ckk\Desktop\编程\os\web\源.cpp(66,60): warning C4244: “参数”: 从“std::streamsize”转换到“int”，可能丢失数据
C:\Users\ckk\Desktop\编程\os\web\源.cpp(77,71): warning C4267: “参数”: 从“size_t”转换到“int”，可能丢失数据
C:\Users\ckk\Desktop\编程\os\web\源.cpp(138,53): error C4996: 'inet_ntoa': Use inet_ntop() or InetNtop() instead or define _WINSOCK_DEPRECATED_NO_WARNINGS to disable deprecated API warnings
