Microsoft (R) Macro Assembler Version 6.11		    12/04/23 20:08:35
tempfile.asm						     Page 1 - 1


 0000				DATAS  SEGMENT
 0000 05			    FIVE  DB    5
 0001				DATAS  ENDS
				;********************************************
				;  *程序功能:计算3+5的和                           *
				;  ********************************************
 0000				STACKS  SEGMENT
 0000  0080 [			      DB  128 DUP (?)
        00
       ]
 0080				STACKS  ENDS
				 
 0000				CODES  SEGMENT
				     ASSUME    CS:CODES,DS:DATAS,SS:STACKS
 0000				START:
 0000  B8 ---- R		    MOV AX,DATAS
 0003  8E D8			    MOV DS,AX
 0005  A0 0000 R		    MOV AL,FIVE
 0008  04 03			    ADD AL,3
 000A  04 30			    ADD AL,30H
 000C  8A D0			    MOV DL,AL
 000E  B4 02			    MOV AH,2
 0010  CD 21			    INT 21H
				    
 0012  B4 4C			    MOV AH,4CH
 0014  CD 21			    INT 21H
 0016				CODES  ENDS
				    END  START
Microsoft (R) Macro Assembler Version 6.11		    12/04/23 20:08:35
tempfile.asm						     Symbols 2 - 1




Segments and Groups:

                N a m e                 Size     Length   Align   Combine Class

CODES  . . . . . . . . . . . . .	16 Bit	 0016	  Para	  Private 
DATAS  . . . . . . . . . . . . .	16 Bit	 0001	  Para	  Private 
STACKS . . . . . . . . . . . . .	16 Bit	 0080	  Para	  Private 


Symbols:

                N a m e                 Type     Value    Attr

FIVE . . . . . . . . . . . . . .	Byte	 0000	  DATAS	
START  . . . . . . . . . . . . .	L Near	 0000	  CODES	

	   0 Warnings
	   0 Errors
